<?xml version="1.0" encoding="UTF-8"?>
<!-- Generated by org.testng.reporters.JUnitReportReporter -->
<testsuite hostname="kairosHW0423" failures="0" tests="2" name="com.POM.TestPages.SearchFunctionalityTest" time="5.816" errors="0" timestamp="2023-06-15T16:37:08 IST" skipped="0">
  <testcase classname="com.POM.TestPages.SearchFunctionalityTest" name="searchfunctionalityTest" time="2.145"/>
  <system-out>
    <![CDATA[Start-searchfunctionalityTest
success-searchfunctionalityTest]]>
  </system-out>
  <testcase classname="com.POM.TestPages.SearchFunctionalityTest" name="searchfunctionalityTest" time="3.671"/>
  <system-out>
    <![CDATA[Start-searchfunctionalityTest
success-searchfunctionalityTest]]>
  </system-out>
</testsuite> <!-- com.POM.TestPages.SearchFunctionalityTest -->
