<?xml version="1.0" encoding="UTF-8"?>
<!-- Generated by org.testng.reporters.JUnitReportReporter -->
<testsuite hostname="kairosHW0423" failures="0" tests="1" name="com.BaseClass.BaseTest" time="0.005" errors="0" timestamp="2023-06-12T11:38:11 IST" skipped="0">
  <testcase classname="com.BaseClass.BaseTest" name="test" time="0.005"/>
  <system-out/>
</testsuite> <!-- com.BaseClass.BaseTest -->
