<?xml version="1.0" encoding="UTF-8"?>
<!-- Generated by org.testng.reporters.JUnitReportReporter -->
<testsuite hostname="kairosHW0423" failures="0" tests="1" name="com.POM.TestPages.ImageSearchTest" time="10.224" errors="0" timestamp="2023-06-14T10:55:55 IST" skipped="0">
  <testcase classname="com.POM.TestPages.ImageSearchTest" name="imageSearchClickTest" time="10.224"/>
  <system-out>
    <![CDATA[Start-imageSearchClickTest
success-imageSearchClickTest]]>
  </system-out>
</testsuite> <!-- com.POM.TestPages.ImageSearchTest -->
