<?xml version="1.0" encoding="UTF-8"?>
<!-- Generated by org.testng.reporters.JUnitReportReporter -->
<testsuite hostname="kairosHW0423" failures="0" tests="2" name="com.POM.TestPages.SearchSuggestionsTest" time="52.545" errors="0" timestamp="2023-06-15T16:37:08 IST" skipped="0">
  <testcase classname="com.POM.TestPages.SearchSuggestionsTest" name="searchSuggestionsTest" time="20.395"/>
  <system-out>
    <![CDATA[Start-searchSuggestionsTest
success-searchSuggestionsTest]]>
  </system-out>
  <testcase classname="com.POM.TestPages.SearchSuggestionsTest" name="searchSuggestionsTest" time="32.150"/>
  <system-out>
    <![CDATA[Start-searchSuggestionsTest
success-searchSuggestionsTest]]>
  </system-out>
</testsuite> <!-- com.POM.TestPages.SearchSuggestionsTest -->
